<?xml version="1.0" encoding="UTF-8"?>
<testng-results ignored="1" total="2" passed="1" failed="0" skipped="0">
  <reporter-output>
  </reporter-output>
  <suite started-at="2025-03-30T11:49:25 IST" name="Suite" finished-at="2025-03-30T11:49:25 IST" duration-ms="74">
    <groups>
      <group name="smoke">
        <method signature="Org.createorg()[pri:0, instance:Org.Org@2d3379b4]" name="createorg" class="Org.Org"/>
      </group> <!-- smoke -->
    </groups>
    <test started-at="2025-03-30T11:49:25 IST" name="Test" finished-at="2025-03-30T11:49:25 IST" duration-ms="74">
      <class name="Org.Org">
        <test-method signature="createorg()[pri:0, instance:Org.Org@2d3379b4]" started-at="2025-03-30T11:49:25 IST" name="createorg" finished-at="2025-03-30T11:49:25 IST" duration-ms="13" status="PASS">
          <reporter-output>
          </reporter-output>
        </test-method> <!-- createorg -->
      </class> <!-- Org.Org -->
    </test> <!-- Test -->
  </suite> <!-- Suite -->
</testng-results>
